fetch_nidr failed (non-fatal): timed out
/Users/eungyupark/anaconda3/lib/python3.11/site-packages/pysheds/io.py:134: UserWarning: No `nodata` value detected. Defaulting to 0.
  warnings.warn('No `nodata` value detected. Defaulting to 0.')
/Users/eungyupark/anaconda3/lib/python3.11/site-packages/pysheds/io.py:134: UserWarning: No `nodata` value detected. Defaulting to 0.
  warnings.warn('No `nodata` value detected. Defaulting to 0.')

======================================================================
Case Runner — config.json
======================================================================
  Case ID: pohang_2022
  Event: 2022-09-05 → 2022-09-07
  AOI bbox: [129.2, 36.0, 129.5, 36.2]
  Model: SHALSTAB
  Params: {'friction_angle_deg': 35.0, 'cohesion_pa': 2000.0, 'soil_thickness_m': 1.5, 'transmissivity': 0.0001, 'scar_ndvi_drop': 0.15, 'scar_post_ndvi_max': 0.35, 'scar_post_days': 60, 'scar_pre_days': 90}

✅ Result: {
  "case_id": "pohang_2022",
  "status": "success",
  "config_ok": true,
  "artifacts": {
    "rain": "out/pohang_2022/rain.tif",
    "scars": "out/pohang_2022/scars.tif",
    "prediction": "out/pohang_2022/prediction.tif"
  },
  "metrics": {
    "tp": 1005,
    "fp": 633635,
    "fn": 94,
    "tn": 277650,
    "POD": 0.9145,
    "FAR": 0.9984,
    "CSI": 0.0016,
    "F1": 0.0032,
    "Precision": 0.0016,
    "ROC_AUC": 0.6118,
    "n_roc_points": 102
  },
  "n_trace_steps": 11,
  "message": "Pipeline complete"
}
